Using pre-set license

 COMMAND LINE ARGUMENTS:
/Applications/2020.3.7f1/Unity.app/Contents/MacOS/Unity
-adb2
-batchMode
-noUpm
-name
AssetImportWorker0
-projectPath
/Users/ryan_lambert/drive_by_night
-logFile
Logs/AssetImportWorker0.log
-srvPort
51829
Successfully changed project path to: /Users/ryan_lambert/drive_by_night
/Users/ryan_lambert/drive_by_night
Using Asset Import Pipeline V2.
Refreshing native plugins compatible for Editor in 21.45 ms, found 1 plugins.
Preloading 0 native plugins for Editor in 0.00 ms.
Initialize engine version: 2020.3.7f1 (dd97f2c94397)
[Subsystems] Discovering subsystems at path /Applications/2020.3.7f1/Unity.app/Contents/Resources/UnitySubsystems
[Subsystems] Discovering subsystems at path /Users/ryan_lambert/drive_by_night/Assets
GfxDevice: creating device client; threaded=0
2021-05-13 11:40:28.978 Unity[74657:4836230] (null) preferred device: Apple M1 (high power)
2021-05-13 11:40:28.979 Unity[74657:4836230] Metal devices available: 1
2021-05-13 11:40:28.979 Unity[74657:4836230] 0: Apple M1 (high power)
2021-05-13 11:40:28.979 Unity[74657:4836230] Using device Apple M1 (high power)
Initializing Metal device caps: Apple M1
Initialize mono
Mono path[0] = '/Applications/2020.3.7f1/Unity.app/Contents/Managed'
Mono path[1] = '/Applications/2020.3.7f1/Unity.app/Contents/MonoBleedingEdge/lib/mono/unityjit'
Mono config path = '/Applications/2020.3.7f1/Unity.app/Contents/MonoBleedingEdge/etc'
Using monoOptions --debugger-agent=transport=dt_socket,embedding=1,server=y,suspend=n,address=127.0.0.1:56657
Begin MonoManager ReloadAssembly
Registering precompiled unity dll's ...
Register platform support module: /Applications/2020.3.7f1/Unity.app/Contents/PlaybackEngines/MacStandaloneSupport/UnityEditor.OSXStandalone.Extensions.dll
Registered in 0.001404 seconds.
Native extension for OSXStandalone target not found
Refreshing native plugins compatible for Editor in 21.90 ms, found 1 plugins.
Preloading 0 native plugins for Editor in 0.00 ms.
Mono: successfully reloaded assembly
- Completed reload, in  2.801 seconds
Platform modules already initialized, skipping
Registering precompiled user dll's ...
Registered in 0.000615 seconds.
Begin MonoManager ReloadAssembly
Native extension for OSXStandalone target not found
Refreshing native plugins compatible for Editor in 0.18 ms, found 1 plugins.
Preloading 0 native plugins for Editor in 0.00 ms.
Mono: successfully reloaded assembly
- Completed reload, in  1.739 seconds
Platform modules already initialized, skipping
========================================================================
Worker process is ready to serve import requests
Launching external process: /Applications/2020.3.7f1/Unity.app/Contents/Tools/UnityShaderCompiler
Launched and connected shader compiler UnityShaderCompiler after 0.03 seconds
Refreshing native plugins compatible for Editor in 0.17 ms, found 1 plugins.
Preloading 0 native plugins for Editor in 0.00 ms.
Unloading 1115 Unused Serialized files (Serialized files now loaded: 0)
System memory in use before: 109.1 MB.
System memory in use after: 109.2 MB.

Unloading 10 unused Assets to reduce memory usage. Loaded Objects now: 1557.
Total: 1.316708 ms (FindLiveObjects: 0.109875 ms CreateObjectMapping: 0.024542 ms MarkObjects: 1.105000 ms  DeleteObjects: 0.076250 ms)

========================================================================
Received Import Request.
  path: Assets/Scenes
  artifactKey: Guid(93b71eb93e0074de8946515b02908a64) Importer(815301076,1909f56bfc062723c751e8b465ee728b)
Start importing Assets/Scenes using Guid(93b71eb93e0074de8946515b02908a64) Importer(815301076,1909f56bfc062723c751e8b465ee728b)  -> (artifact id: '1643be8ca87820fc3cfbf15a40a733e9') in 0.007003 seconds
  Import took 0.009103 seconds .

========================================================================
Received Import Request.
  Time since last request: 4.521591 seconds.
  path: Packages/com.unity.ugui/package.json
  artifactKey: Guid(319b8889f363f5947acf209c17a94149) Importer(815301076,1909f56bfc062723c751e8b465ee728b)
Start importing Packages/com.unity.ugui/package.json using Guid(319b8889f363f5947acf209c17a94149) Importer(815301076,1909f56bfc062723c751e8b465ee728b)  -> (artifact id: '59383b76c83b906e3f5fbe1c2521dcea') in 0.528492 seconds
  Import took 0.533380 seconds .

========================================================================
Received Prepare
Refreshing native plugins compatible for Editor in 19.20 ms, found 1 plugins.
Preloading 0 native plugins for Editor in 0.00 ms.
Unloading 3 Unused Serialized files (Serialized files now loaded: 0)
System memory in use before: 91.4 MB.
System memory in use after: 91.5 MB.

Unloading 3 unused Assets to reduce memory usage. Loaded Objects now: 1557.
Total: 108.618417 ms (FindLiveObjects: 0.247750 ms CreateObjectMapping: 0.027375 ms MarkObjects: 106.229791 ms  DeleteObjects: 2.111209 ms)

